04:14:30: Creating resource group General
04:14:30: Creating resource group OgreInternal
04:14:30: Creating resource group OgreAutodetect
04:14:30: Registering ResourceManager for type Mesh
04:14:30: Registering ResourceManager for type Material
04:14:30: Registering ResourceManager for type Skeleton
04:14:30: XMLMeshSerializer reading mesh data from /home/bobini/GameEngineDevelopment2023/LabsOgre/LabFiles/Models/Suzanne.mesh.xml...
04:14:30: Reading geometry...
04:14:30: Geometry done...
04:14:30: Reading submeshes...
04:14:30: Submeshes done.
04:14:30: Reading mesh names...
04:14:30: Mesh names done.
04:14:30: XMLMeshSerializer import successful.
04:14:30: MeshSerializer writing mesh data to stream /home/bobini/GameEngineDevelopment2023/LabsOgre/LabFiles/Models/Suzanne.mesh...
04:14:30: File header written.
04:14:30: Writing mesh data...
04:14:30: Writing submesh...
04:14:30: Exporting submesh texture aliases...
04:14:30: Submesh texture aliases exported.
04:14:30: Submesh exported.
04:14:30: Exporting bounds information....
04:14:30: Bounds information exported.
04:14:30: Exporting submesh name table...
04:14:30: Submesh name table exported.
04:14:30: Mesh data exported.
04:14:30: MeshSerializer export successful.
04:14:30: Unregistering ResourceManager for type Skeleton
04:14:30: Unregistering ResourceManager for type Material
04:14:30: Unregistering ResourceManager for type Mesh
